ERROR:root:Error fetching poster for movie_id 7450: ('Connection aborted.', ConnectionResetError(10054, 'An existing connection was forcibly closed by the remote host', None, 10054, None))
ERROR:root:Error fetching poster for movie_id 11551: ('Connection aborted.', ConnectionResetError(10054, 'An existing connection was forcibly closed by the remote host', None, 10054, None))
ERROR:root:Error fetching poster for movie_id 7450: HTTPSConnectionPool(host='api.themoviedb.org', port=443): Max retries exceeded with url: /3/movie/7450?api_key=8aaac00e4a437009ed6aa16b518cad05&language=en-US (Caused by NameResolutionError("<urllib3.connection.HTTPSConnection object at 0x000001B80B19EC10>: Failed to resolve 'api.themoviedb.org' ([Errno 11001] getaddrinfo failed)"))
ERROR:root:Error fetching poster for movie_id 11551: HTTPSConnectionPool(host='api.themoviedb.org', port=443): Max retries exceeded with url: /3/movie/11551?api_key=8aaac00e4a437009ed6aa16b518cad05&language=en-US (Caused by NameResolutionError("<urllib3.connection.HTTPSConnection object at 0x000001B80B19EFD0>: Failed to resolve 'api.themoviedb.org' ([Errno 11001] getaddrinfo failed)"))
ERROR:root:Error fetching poster for movie_id 602: HTTPSConnectionPool(host='api.themoviedb.org', port=443): Max retries exceeded with url: /3/movie/602?api_key=8aaac00e4a437009ed6aa16b518cad05&language=en-US (Caused by NameResolutionError("<urllib3.connection.HTTPSConnection object at 0x000001B80B19F4D0>: Failed to resolve 'api.themoviedb.org' ([Errno 11001] getaddrinfo failed)"))
ERROR:root:Error fetching poster for movie_id 80274: HTTPSConnectionPool(host='api.themoviedb.org', port=443): Max retries exceeded with url: /3/movie/80274?api_key=8aaac00e4a437009ed6aa16b518cad05&language=en-US (Caused by NameResolutionError("<urllib3.connection.HTTPSConnection object at 0x000001B80B19F9D0>: Failed to resolve 'api.themoviedb.org' ([Errno 11001] getaddrinfo failed)"))
ERROR:root:Error fetching poster for movie_id 440: HTTPSConnectionPool(host='api.themoviedb.org', port=443): Max retries exceeded with url: /3/movie/440?api_key=8aaac00e4a437009ed6aa16b518cad05&language=en-US (Caused by NameResolutionError("<urllib3.connection.HTTPSConnection object at 0x000001B80B19FD90>: Failed to resolve 'api.themoviedb.org' ([Errno 11001] getaddrinfo failed)"))
ERROR:root:Error fetching poster for movie_id 11954: HTTPSConnectionPool(host='api.themoviedb.org', port=443): Max retries exceeded with url: /3/movie/11954?api_key=8aaac00e4a437009ed6aa16b518cad05&language=en-US (Caused by NameResolutionError("<urllib3.connection.HTTPSConnection object at 0x000001B879E98190>: Failed to resolve 'api.themoviedb.org' ([Errno 11001] getaddrinfo failed)"))
ERROR:root:Error fetching poster for movie_id 602: ('Connection aborted.', ConnectionResetError(10054, 'An existing connection was forcibly closed by the remote host', None, 10054, None))
ERROR:root:Error fetching poster for movie_id 11954: ('Connection aborted.', ConnectionResetError(10054, 'An existing connection was forcibly closed by the remote host', None, 10054, None))
ERROR:root:Error fetching poster for movie_id 7450: ('Connection aborted.', ConnectionResetError(10054, 'An existing connection was forcibly closed by the remote host', None, 10054, None))
ERROR:root:Error fetching poster for movie_id 41513: ('Connection aborted.', ConnectionResetError(10054, 'An existing connection was forcibly closed by the remote host', None, 10054, None))
ERROR:root:Error fetching poster for movie_id 58: ('Connection aborted.', ConnectionResetError(10054, 'An existing connection was forcibly closed by the remote host', None, 10054, None))
ERROR:root:Error fetching poster for movie_id 1865: ('Connection aborted.', ConnectionResetError(10054, 'An existing connection was forcibly closed by the remote host', None, 10054, None))
ERROR:root:Error fetching poster for movie_id 22: ('Connection aborted.', ConnectionResetError(10054, 'An existing connection was forcibly closed by the remote host', None, 10054, None))
ERROR:root:Error fetching poster for movie_id 87827: ('Connection aborted.', ConnectionResetError(10054, 'An existing connection was forcibly closed by the remote host', None, 10054, None))
ERROR:root:Error fetching poster for movie_id 10016: ('Connection aborted.', ConnectionResetError(10054, 'An existing connection was forcibly closed by the remote host', None, 10054, None))
ERROR:root:Error fetching poster for movie_id 11551: ('Connection aborted.', ConnectionResetError(10054, 'An existing connection was forcibly closed by the remote host', None, 10054, None))
ERROR:root:Error fetching poster for movie_id 558: ('Connection aborted.', ConnectionResetError(10054, 'An existing connection was forcibly closed by the remote host', None, 10054, None))
ERROR:root:Error fetching poster for movie_id 24418: ('Connection aborted.', ConnectionResetError(10054, 'An existing connection was forcibly closed by the remote host', None, 10054, None))
ERROR:root:Error fetching poster for movie_id 440: ('Connection aborted.', ConnectionResetError(10054, 'An existing connection was forcibly closed by the remote host', None, 10054, None))
ERROR:root:Error fetching poster for movie_id 7450: ('Connection aborted.', ConnectionResetError(10054, 'An existing connection was forcibly closed by the remote host', None, 10054, None))
ERROR:root:Error fetching poster for movie_id 80274: ('Connection aborted.', ConnectionResetError(10054, 'An existing connection was forcibly closed by the remote host', None, 10054, None))
